0 info it worked if it ends with ok
1 verbose cli [ 'node', '/usr/local/bin/npm', 'install', '-g' ]
2 info using npm@1.4.28
3 info using node@v0.10.33
4 verbose cache add [ '.', null ]
5 verbose cache add name=undefined spec="." args=[".",null]
6 verbose parsed url { protocol: null,
6 verbose parsed url   slashes: null,
6 verbose parsed url   auth: null,
6 verbose parsed url   host: null,
6 verbose parsed url   port: null,
6 verbose parsed url   hostname: null,
6 verbose parsed url   hash: null,
6 verbose parsed url   search: null,
6 verbose parsed url   query: null,
6 verbose parsed url   pathname: '.',
6 verbose parsed url   path: '.',
6 verbose parsed url   href: '.' }
7 silly lockFile 3a52ce78- .
8 verbose lock . /Users/bfrable/.npm/3a52ce78-.lock
9 verbose tar pack [ '/Users/bfrable/.npm/buffnews/0.0.0/package.tgz', '.' ]
10 verbose tarball /Users/bfrable/.npm/buffnews/0.0.0/package.tgz
11 verbose folder .
12 info prepublish buffnews@0.0.0
13 silly lockFile 1f1177db-tar tar://.
14 verbose lock tar://. /Users/bfrable/.npm/1f1177db-tar.lock
15 silly lockFile 70fb4bd4-e-npm-buffnews-0-0-0-package-tgz tar:///Users/bfrable/.npm/buffnews/0.0.0/package.tgz
16 verbose lock tar:///Users/bfrable/.npm/buffnews/0.0.0/package.tgz /Users/bfrable/.npm/70fb4bd4-e-npm-buffnews-0-0-0-package-tgz.lock
17 silly lockFile 1f1177db-tar tar://.
18 silly lockFile 1f1177db-tar tar://.
19 silly lockFile 70fb4bd4-e-npm-buffnews-0-0-0-package-tgz tar:///Users/bfrable/.npm/buffnews/0.0.0/package.tgz
20 silly lockFile 70fb4bd4-e-npm-buffnews-0-0-0-package-tgz tar:///Users/bfrable/.npm/buffnews/0.0.0/package.tgz
21 silly lockFile ff0b922b-rable-npm-buffnews-0-0-0-package /Users/bfrable/.npm/buffnews/0.0.0/package
22 verbose lock /Users/bfrable/.npm/buffnews/0.0.0/package /Users/bfrable/.npm/ff0b922b-rable-npm-buffnews-0-0-0-package.lock
23 silly lockFile ff0b922b-rable-npm-buffnews-0-0-0-package /Users/bfrable/.npm/buffnews/0.0.0/package
24 silly lockFile ff0b922b-rable-npm-buffnews-0-0-0-package /Users/bfrable/.npm/buffnews/0.0.0/package
25 silly lockFile 3a52ce78- .
26 silly lockFile 3a52ce78- .
27 silly resolved [ { name: 'buffnews',
27 silly resolved     version: '0.0.0',
27 silly resolved     dependencies: {},
27 silly resolved     devDependencies:
27 silly resolved      { grunt: '~0.4.1',
27 silly resolved        'grunt-contrib-copy': '~0.5.0',
27 silly resolved        'grunt-contrib-concat': '~0.5.0',
27 silly resolved        'grunt-contrib-uglify': '~0.5.0',
27 silly resolved        'grunt-sass': '~0.16.0',
27 silly resolved        'grunt-autoprefixer': '~1.0.1',
27 silly resolved        'grunt-contrib-jshint': '~0.10.0',
27 silly resolved        'jshint-stylish': '~0.4.0',
27 silly resolved        'grunt-contrib-cssmin': '~0.10.0',
27 silly resolved        'grunt-contrib-connect': '~0.8.0',
27 silly resolved        'grunt-contrib-clean': '~0.6.0',
27 silly resolved        'grunt-contrib-htmlmin': '~0.3.0',
27 silly resolved        'grunt-bower-requirejs': '~1.1.0',
27 silly resolved        'grunt-contrib-requirejs': '~0.4.1',
27 silly resolved        'grunt-contrib-imagemin': '~0.8.1',
27 silly resolved        'grunt-contrib-watch': '~0.6.1',
27 silly resolved        'grunt-rev': '~0.1.0',
27 silly resolved        'grunt-usemin': '~2.4.0',
27 silly resolved        'grunt-mocha': '~0.4.1',
27 silly resolved        'grunt-open': '~0.2.2',
27 silly resolved        'grunt-svgmin': '~1.0.0',
27 silly resolved        'grunt-concurrent': '~1.0.0',
27 silly resolved        matchdep: '~0.3.0',
27 silly resolved        'grunt-uncss': '~0.3.3',
27 silly resolved        'connect-livereload': '~0.4.0',
27 silly resolved        'time-grunt': '~1.0.0',
27 silly resolved        gateway: '~0.2.1',
27 silly resolved        'grunt-php2html': '~0.1.13',
27 silly resolved        'load-grunt-tasks': '~0.6.0',
27 silly resolved        'grunt-plato': '~1.3.0',
27 silly resolved        'grunt-modernizr': '~0.5.1',
27 silly resolved        'grunt-prettify': '~0.3.4',
27 silly resolved        'grunt-processhtml': '~0.3.0' },
27 silly resolved     engines: { node: '>=0.10.0' },
27 silly resolved     gitHead: 'df8d536dd9fad3ca3a2c2d36dd19fcc2fc56b1c1',
27 silly resolved     readme: 'ERROR: No README data found!',
27 silly resolved     _id: 'buffnews@0.0.0',
27 silly resolved     scripts: {},
27 silly resolved     _shasum: 'bf4c800b87ad3abb2ef08b7a95b85a67787528b5',
27 silly resolved     _from: '.' } ]
28 info install buffnews@0.0.0 into /usr/local/lib
29 info installOne buffnews@0.0.0
30 verbose lib/node_modules/buffnews unbuild
31 verbose tar unpack /Users/bfrable/.npm/buffnews/0.0.0/package.tgz
32 silly lockFile ebabaaaf--local-lib-node-modules-buffnews tar:///usr/local/lib/node_modules/buffnews
33 verbose lock tar:///usr/local/lib/node_modules/buffnews /Users/bfrable/.npm/ebabaaaf--local-lib-node-modules-buffnews.lock
34 silly lockFile 70fb4bd4-e-npm-buffnews-0-0-0-package-tgz tar:///Users/bfrable/.npm/buffnews/0.0.0/package.tgz
35 verbose lock tar:///Users/bfrable/.npm/buffnews/0.0.0/package.tgz /Users/bfrable/.npm/70fb4bd4-e-npm-buffnews-0-0-0-package-tgz.lock
36 silly gunzTarPerm modes [ '755', '644' ]
37 error Error: EACCES, mkdir '/usr/local/lib/node_modules/buffnews'
37 error  { [Error: EACCES, mkdir '/usr/local/lib/node_modules/buffnews']
37 error   errno: 3,
37 error   code: 'EACCES',
37 error   path: '/usr/local/lib/node_modules/buffnews',
37 error   fstream_type: 'Directory',
37 error   fstream_path: '/usr/local/lib/node_modules/buffnews',
37 error   fstream_class: 'DirWriter',
37 error   fstream_stack:
37 error    [ '/usr/local/lib/node_modules/npm/node_modules/fstream/lib/dir-writer.js:36:23',
37 error      '/usr/local/lib/node_modules/npm/node_modules/mkdirp/index.js:46:53',
37 error      'Object.oncomplete (fs.js:107:15)' ] }
38 error Please try running this command again as root/Administrator.
39 error System Darwin 14.0.0
40 error command "node" "/usr/local/bin/npm" "install" "-g"
41 error cwd /Users/bfrable/Desktop/buffnews
42 error node -v v0.10.33
43 error npm -v 1.4.28
44 error path /usr/local/lib/node_modules/buffnews
45 error fstream_path /usr/local/lib/node_modules/buffnews
46 error fstream_type Directory
47 error fstream_class DirWriter
48 error code EACCES
49 error errno 3
50 error stack Error: EACCES, mkdir '/usr/local/lib/node_modules/buffnews'
51 error fstream_stack /usr/local/lib/node_modules/npm/node_modules/fstream/lib/dir-writer.js:36:23
51 error fstream_stack /usr/local/lib/node_modules/npm/node_modules/mkdirp/index.js:46:53
51 error fstream_stack Object.oncomplete (fs.js:107:15)
52 verbose exit [ 3, true ]
